<?xml version="1.0" encoding="UTF-8"?>
<testsuite xmlns:xsi="http://www.w3.org/2001/XMLSchema-instance" xsi:schemaLocation="https://maven.apache.org/surefire/maven-surefire-plugin/xsd/surefire-test-report.xsd" name="ParameterTest" time="0.047" tests="9" errors="0" skipped="0" failures="4">
  <properties>
[...]
</properties>
  <testcase name="testWithCsvSource" classname="testWithCsvSource(String)" time="0"/>
  <testcase name="testWithCsvSource" classname="testWithCsvSource(String)" time="0.009">
    <failure message="&#10;Expected: a string containing &quot;1&quot;&#10;     but: was &quot;String2&quot;" type="java.lang.AssertionError">java.lang.AssertionError: 

Expected: a string containing "1"
     but: was "String2"
	at ParameterTest.testWithCsvSource(ParameterTest.java:18)
</failure>
  </testcase>
  <testcase name="testWithCsvSource" classname="testWithCsvSource(String)" time="0"/>
  <testcase name="testWithCsvFile" classname="testWithCsvFile(String, String)" time="0"/>
  <testcase name="testWithCsvFile" classname="testWithCsvFile(String, String)" time="0.001">
    <failure message="&#10;Expected: a string containing &quot;H&quot;&#10;     but: was &quot;Thing&quot;" type="java.lang.AssertionError">java.lang.AssertionError: 

Expected: a string containing "H"
     but: was "Thing"
	at ParameterTest.testWithCsvFile(ParameterTest.java:32)
</failure>
  </testcase>
  <testcase name="testWithCsvFile" classname="testWithCsvFile(String, String)" time="0.001">
    <failure message="&#10;Expected: a string containing &quot;H&quot;&#10;     but: was &quot;1&quot;" type="java.lang.AssertionError">java.lang.AssertionError: 

Expected: a string containing "H"
     but: was "1"
	at ParameterTest.testWithCsvFile(ParameterTest.java:32)
</failure>
  </testcase>
  <testcase name="testWithStream" classname="testWithStream(String)" time="0"/>
  <testcase name="testWithStream" classname="testWithStream(String)" time="0">
    <failure message="&#10;Expected: a string containing &quot;1&quot;&#10;     but: was &quot;String2&quot;" type="java.lang.AssertionError">java.lang.AssertionError: 

Expected: a string containing "1"
     but: was "String2"
	at ParameterTest.testWithStream(ParameterTest.java:25)
</failure>
  </testcase>
  <testcase name="testWithStream" classname="testWithStream(String)" time="0.001"/>
</testsuite>